make.exe all --print-data-base --no-builtin-variables --no-builtin-rules --question
process_begin: CreateProcess(NULL, which pyenv, ...) failed.
Makefile:18: pipe: No error

make: *** No rule to make target 'all'.  Stop.

# GNU Make 4.3
# Built for Windows32
# Copyright (C) 1988-2020 Free Software Foundation, Inc.
# License GPLv3+: GNU GPL version 3 or later <http://gnu.org/licenses/gpl.html>
# This is free software: you are free to change and redistribute it.
# There is NO WARRANTY, to the extent permitted by law.

# Make data base, printed on Tue Jun 21 14:48:22 2022

# Variables

# environment
SYSTEMDRIVE = C:
# environment
JAVA_HOME = C:\Program Files\Java\jre1.8.0_321\bin
# environment
LC_ALL = C
# environment
USERPROFILE = C:\Users\User
# environment
VBOX_MSI_INSTALL_PATH = C:\Program Files\Oracle\VirtualBox\
# environment
MSTR_DESK_REGISTRY_FILE = C:\PROGRA~1\MID822~1\Desktop\MSIREG~1.REG
# environment
LOCALAPPDATA = C:\Users\User\AppData\Local
# environment
VSCODE_IPC_HOOK_EXTHOST = \\.\pipe\vscode-ipc-c24043d0-a698-4468-9b97-195758e267b0-sock
# makefile (from 'Makefile', line 4)
LIBRARY_DIRS = mylibrary
# makefile (from 'Makefile', line 20)
PYENV_VERSION_DIR = $(HOME)/.pyenv/versions/$(PYTHON_VERSION)
# environment
VSCODE_CWD = C:\Users\User\Documents\EBAC\Django\django\bookstore_copy\bookstore01
# environment
CHOCOLATEYINSTALL = C:\ProgramData\chocolatey
# environment
SYSTEMROOT = C:\WINDOWS
# environment
PROCESSOR_LEVEL = 6
# environment
PSMODULEPATH = C:\Program Files\WindowsPowerShell\Modules;C:\WINDOWS\system32\WindowsPowerShell\v1.0\Modules
# makefile (from 'Makefile', line 10)
PYTEST_TAP_OPTIONS = --tap-combined --tap-outdir $(BUILD_DIR)
# default
MAKE_COMMAND := C:/ProgramData/chocolatey/lib/make/tools/install/bin/make.exe
# automatic
@D = $(patsubst %/,%,$(patsubst %\,%,$(dir $@)))
# environment
CHROME_CRASHPAD_PIPE_NAME = \\.\pipe\crashpad_26756_VWJMGGOCZSETGOGQ
# makefile (from 'Makefile', line 27)
POETRY_OPTS = 
# makefile (from 'Makefile', line 29)
RUN_PYPKG_BIN = $(POETRY) run
# environment
VSCODE_HANDLES_UNCAUGHT_ERRORS = true
# default
.VARIABLES := 
# automatic
%D = $(patsubst %/,%,$(patsubst %\,%,$(dir $%)))
# automatic
^D = $(patsubst %/,%,$(patsubst %\,%,$(dir $^)))
# environment
VSCODE_LOG_STACK = false
# automatic
%F = $(notdir $%)
# environment
VSCODE_CODE_CACHE_PATH = C:\Users\User\AppData\Roaming\Code\CachedData\30d9c6cd9483b2cc586687151bcbcd635f373630
# makefile (from 'Makefile', line 11)
PYTEST_COVERAGE_OPTIONS = --cov=$(LIBRARY_DIRS)
# environment
LANG = C
# default
.LOADED := 
# environment
TMP = C:\Users\User\AppData\Local\Temp
# default
.INCLUDE_DIRS = .
# environment
PROCESSOR_ARCHITEW6432 = AMD64
# makefile
MAKEFLAGS = pqrR
# environment
ONEDRIVE = C:\Users\User\OneDrive
# makefile
CURDIR := c:/Users/User/Documents/EBAC/Django/django/bookstore_copy/bookstore01
# environment
VSCODE_PIPE_LOGGING = true
# environment
APPLICATION_INSIGHTS_NO_DIAGNOSTIC_CHANNEL = true
# automatic
*D = $(patsubst %/,%,$(patsubst %\,%,$(dir $*)))
# environment
PROGRAMFILES = C:\Program Files (x86)
# environment
MFLAGS = -pqrR
# default
.SHELLFLAGS := -c
# environment
COMMONPROGRAMW6432 = C:\Program Files\Common Files
# automatic
+D = $(patsubst %/,%,$(patsubst %\,%,$(dir $+)))
# makefile (from 'Makefile', line 1)
MAKEFILE_LIST := Makefile
# automatic
@F = $(notdir $@)
# environment
VSCODE_VERBOSE_LOGGING = true
# environment
VSCODE_PID = 26756
# automatic
?D = $(patsubst %/,%,$(patsubst %\,%,$(dir $?)))
# automatic
*F = $(notdir $*)
# makefile (from 'Makefile', line 15)
MYPY_OPTS = --python-version $(basename $(PYTHON_VERSION)) --show-column-numbers --pretty --html-report $(BUILD_DIR)/mypy
# automatic
<D = $(patsubst %/,%,$(patsubst %\,%,$(dir $<)))
# environment
VSCODE_NLS_CONFIG = {"locale":"en-gb","availableLanguages":{},"_languagePackSupport":true}
# environment
ONEDRIVECONSUMER = C:\Users\User\OneDrive
# default
MAKE_HOST := Windows32
# environment
PROGRAMDATA = C:\ProgramData
# default
SHELL := sh.exe
# environment
HOMEPATH = \Users\User
# default
MAKECMDGOALS := all
# environment
DRIVERDATA = C:\Windows\System32\Drivers\DriverData
# environment
COMSPEC = C:\WINDOWS\system32\cmd.exe
# environment
WINDIR = C:\WINDOWS
# environment
MAKELEVEL := 0
# default
MAKE = $(MAKE_COMMAND)
# environment
PATH = C:\sqlite3;C:\Python310\Scripts\;C:\Python310\;C:\Program Files\Common Files\Oracle\Java\javapath;C:\Program Files (x86)\Common Files\Oracle\Java\javapath;C:\Program Files\Java\jdk1.8.0_231\bin;C:\Program Files\MicroStrategy\Desktop\DataServices\180_222\64-bit\bin\server;C:\WINDOWS\system32;C:\WINDOWS;C:\WINDOWS\System32\Wbem;C:\WINDOWS\System32\WindowsPowerShell\v1.0\;C:\WINDOWS\System32\OpenSSH\;C:\ProgramData\chocolatey\bin;C:\Program Files\Git\cmd;C:\Program Files\nodejs\;C:\Program Files\Docker\Docker\resources\bin;C:\ProgramData\DockerDesktop\version-bin;C:\Users\User\.poetry\bin;C:\Users\User\.cargo\bin;C:\Program Files\MySQL\MySQL Shell 8.0\bin\;C:\Users\User\AppData\Local\Programs\Python\Python311\Scripts\;C:\Users\User\AppData\Local\Programs\Python\Python311\;C:\New folder\Scripts\;C:\New folder\;C:\Program Files\Java\jdk1.8.0_231\bin;C:\Users\User\AppData\Local\Programs\Python\Python38\Scripts;C:\Users\User\AppData\Local\Microsoft\WindowsApps;C:\Users\User\AppData\Local\Programs\Microsoft VS Code\bin;C:\Program Files\Java\jre1.8.0_321\bin\bin;C:\Users\User\AppData\Roaming\npm;C:\Program Files\PostgreSQL\9.2\bin;
# environment
COMPUTERNAME = DESKTOP-MD4NEA2
# default
MAKEFILES := 
# automatic
^F = $(notdir $^)
# makefile (from 'Makefile', line 32)
COLOR_RESET = \033[0m
# makefile (from 'Makefile', line 12)
PYTEST_OPTIONS = $(PYTEST_HTML_OPTIONS) $(PYTEST_TAP_OPTIONS) $(PYTEST_COVERAGE_OPTIONS)
# environment
PROMPT = $P$G
# environment
CHOCOLATEYLASTPATHUPDATE = 132828524316777000
# makefile (from 'Makefile', line 17)
PYTHON_VERSION_FILE = .python-version
# environment
LOGONSERVER = \\DESKTOP-MD4NEA2
# environment
VSCODE_LOG_NATIVE = false
# environment
USERNAME = User
# environment
COMMONPROGRAMFILES = C:\Program Files (x86)\Common Files
# automatic
?F = $(notdir $?)
# environment
PROGRAMW6432 = C:\Program File 
s
# makefile (from 'Makefile', line 9)
PYTEST_HTML_OPTIONS = --html=$(BUILD_DIR)/report.html --self-contained-html
# environment
PATHEXT = .COM;.EXE;.BAT;.CMD;.VBS;.VBE;.JS;.JSE;.WSF;.WSH;.MSC;.PY;.PYW
# automatic
+F = $(notdir $+)
# environment
ORIGINAL_XDG_CURRENT_DESKTOP = undefined
# environment
USERDOMAIN = DESKTOP-MD4NEA2
# 'override' directive
GNUMAKEFLAGS := 
# environment
PDF_TRUETYPE_FONT_FOLDER = C:\Windows\Fonts\
# environment
OS = Windows_NT
# makefile (from 'Makefile', line 2)
PYTHON_VERSION = 3.8.10
# makefile
.DEFAULT_GOAL := help
# default
MAKE_VERSION := 4.3
# 'override' directive
.SHELLSTATUS := 127
# environment
PROGRAMFILES(X86) = C:\Program Files (x86)
# environment
USERDOMAIN_ROAMINGPROFILE = DESKTOP-MD4NEA2
# environment
NUMBER_OF_PROCESSORS = 4
# environment
PUBLIC = C:\Users\Public
# environment
APPDATA = C:\Users\User\AppData\Roaming
# environment
HOMEDRIVE = C:
# environment
VS160PROCOMNTOOLS = C:\Program Files (x86)\Microsoft Visual Studio\2019\Professional\Common7\Tools\
# environment
PROCESSOR_ARCHITECTURE = x86
# environment
VSCODE_AMD_ENTRYPOINT = vs/workbench/api/node/extensionHostProcess
# makefile (from 'Makefile', line 6)
BUILD_DIR = build
# environment
COMMONPROGRAMFILES(X86) = C:\Program Files (x86)\Common Files
# environment
ELECTRON_RUN_AS_NODE = 1
# environment
TEMP = C:\Users\User\AppData\Local\Temp
# environment
VSCODE_IPC_HOOK = \\.\pipe\ddf78b73f802b4b105ac4da8ec09dfcf-1.68.1-main-sock
# default
.RECIPEPREFIX := 
# automatic
<F = $(notdir $<)
# default
SUFFIXES := 
# environment
ALLUSERSPROFILE = C:\ProgramData
# makefile (from 'Makefile', line 31)
COLOR_ORANGE = \033[33m
# environment
SESSIONNAME = Console
# environment
VSCODE_CLI = 1
# environment
ELECTRON_NO_ATTACH_CONSOLE = 1
# makefile (from 'Makefile', line 25)
PIP = pip3
# makefile (from 'Makefile', line 28)
POETRY = poetry $(POETRY_OPTS)
# default
.FEATURES := target-specific order-only second-expansion else-if shortest-stem undefine oneshell nocomment grouped-target extra-prereqs archives jobserver output-sync load
# environment
PROCESSOR_REVISION = 4e03
# environment
PROCESSOR_IDENTIFIER = Intel64 Family 6 Model 78 Stepping 3, GenuineIntel
# variable set hash-table stats:
# Load=119/1024=12%, Rehash=0, Collisions=12/166=7%

# Pattern-specific Variable Values

# No pattern-specific variable values.

# Directories

# . (key c:/Users/User/Documents/EBAC/Django/django/bookstore_copy/bookstore01, mtime 1655819299): 14 files, no impossibilities.

# 14 files, no impossibilities in 1 directories.

# Implicit Rules

# No implicit rules.

# Files

deps-py-update: pyproject.toml
#  Phony target (prerequisite of .PHONY).
#  Implicit rule search has not been done.
#  File does not exist.
#  File has not been updated.
#  recipe to execute (from 'Makefile', line 64):
	$(POETRY) update

check: check-py
#  Phony target (prerequisite of .PHONY).
#  Implicit rule search has not been done.
#  File does not exist.
#  File has not been updated.

seed:
#  Phony target (prerequisite of .PHONY).
#  Implicit rule search has not been done.
#  File does not exist.
#  File has not been updated.
#  recipe to execute (from 'Makefile', line 130):
	poetry run python manage.py seed

format-isort:
#  Phony target (prerequisite of .PHONY).
#  Implicit rule search has not been done.
#  File does not exist.
#  File has not been updated.
#  recipe to execute (from 'Makefile', line 122):
	$(RUN_PYPKG_BIN) isort --recursive .

# Not a target:
Brewfile:
#  Implicit rule search has not been done.
#  Modification time never checked.
#  File has not been updated.

# Not a target:
Makefile:
#  Implicit rule search has been done.
#  Last modified 2022-06-21 14:47:52
#  File has been updated.
#  Successfully updated.

format-py:
#  Phony target (prerequisite of .PHONY).
#  Implicit rule search has not been done.
#  File does not exist.
#  File has not been updated.
#  recipe to execute (from 'Makefile', line 114):
	$(RUN_PYPKG_BIN) black .

check-py: check-py-flake8 check-py-black check-py-mypy
#  Phony target (prerequisite of .PHONY).
#  Implicit rule search has not been done.
#  File does not exist.
#  File has not been updated.

version-python:
#  Phony target (prerequisite of .PHONY).
#  Implicit rule search has not been done.
#  File does not exist.
#  File has not been updated.
#  recipe to execute (from 'Makefile', line 42):
	@echo $(PYTHON_VERSION)

deps-py: .python-version
#  Phony target (prerequisite of .PHONY).
#  Implicit rule search has not been done.
#  File does not exist.
#  File has not been updated.
#  recipe to execute (from 'Makefile', line 84):
	$(PIP) install --upgrade \
		--index-url $(PYPI_PROXY) \
		pip
	$(PIP) install --upgrade \
                                     		--index-url $(PYPI_PROXY) \
                                     		poetry
	$(POETRY) install

check-py-mypy:
#  Phony target (prerequisite of .PHONY).
#  Implicit rule search has not been done.
#  File does not exist.
#  File has not been updated.
#  recipe to execute (from 'Makefile', line 110):
	$(RUN_PYPKG_BIN) mypy $(MYPY_OPTS) $(LIBRARY_DIRS)

check-py-flake8:
#  Phony target (prerequisite of .PHONY).
#  Implicit rule search has not been done.
#  File does not exist.
#  File has not been updated.
#  recipe to execute (from 'Makefile', line 102):
	$(RUN_PYPKG_BIN) flake8 .

/.pyenv/versions/3.8.10:
#  Implicit rule search has not been done.
#  Modification time never checked.
#  File has not been updated.
#  recipe to execute (from 'Makefile', line 69):
	pyenv install --skip-existing $(PYTHON_VERSION)

check-py-black:
#  Phony target (prerequisite of .PHONY).
#  Implicit rule search has not been done.
#  File does not exist.
#  File has not been updated.
#  recipe to execute (from 'Makefile', line 106):
	$(RUN_PYPKG_BIN) black --check --line-length 118 --fast .

deps-brew: Brewfile
#  Phony target (prerequisite of .PHONY).
#  Implicit rule search has not been done.
#  File does not exist.
#  File has not been updated.
#  recipe to execute (from 'Makefile', line 78):
	brew bundle --file=Brewfile
	@echo "$(COLOR_ORANGE)Ensure that pyenv is setup in your shell.$(COLOR_RESET)"
	@echo "$(COLOR_ORANGE)It should have something like 'eval \$$(pyenv init -)'$(COLOR_RESET)"

# Not a target:
.DEFAULT:
#  Implicit rule search has not been done.
#  Modification time never checked.
#  File has not been updated.

# Not a target:
all:
#  Command line target.
#  Implicit rule search has been done.
#  File does not exist.
#  File has not been updated.

publish:
#  Phony target (prerequisite of .PHONY).
#  Implicit rule search has not been done.
#  File does not exist.
#  File has not been updated.
#  recipe to execute (from 'Makefile', line 60):
	$(POETRY) publish $(POETRY_PUBLISH_OPTIONS_SET_BY_CI_ENV)

help:
#  Phony target (prerequisite of .PHONY).
#  Implicit rule search has not been done.
#  File does not exist.
#  File has not been updated.
#  recipe to execute (from 'Makefile', line 38):
	@awk 'BEGIN {FS = ":.*##"; printf "\nUsage:\n  make \033[36m\033[0m\n"} /^[a-zA-Z0-9_-]+:.*?##/ { printf "  \033[36m%-15s\033[0m %s\n", $$1, $$2 } /^##@/ { printf "\n\033[1m%s\033[0m\n", substr($$0, 5) } '  
$(MAKEFILE_LIST)

build:
#  Phony target (prerequisite of .PHONY).
#  Implicit rule search has not been done.
#  File does not exist.
#  File has not been updated.
#  recipe to execute (from 'Makefile', line 56):
	$(POETRY) build

migrate:
#  Phony target (prerequisite of .PHONY).
#  Implicit rule search has not been done.
#  File does not exist.
#  File has not been updated.
#  recipe to execute (from 'Makefile', line 126):
	docker-compose exec web python manage.py migrate --noinput

test:
#  Phony target (prerequisite of .PHONY).
#  Implicit rule search has not been done.
#  File does not exist.
#  File has not been updated.
#  recipe to execute (from 'Makefile', line 48):
	$(RUN_PYPKG_BIN) pytest \
		$(PYTEST_OPTIONS) \
		tests/*.py

format-autopep8:
#  Phony target (prerequisite of .PHONY).
#  Implicit rule search has not been done.
#  File does not exist.
#  File has not been updated.
#  recipe to execute (from 'Makefile', line 118):
	$(RUN_PYPKG_BIN) autopep8 --in-place --recursive .

deps: deps-brew deps-py
#  Phony target (prerequisite of .PHONY).
#  Implicit rule search has not been done.
#  File does not exist.
#  File has not been updated.

.python-version: /.pyenv/versions/3.8.10
#  Implicit rule search has not been done.
#  Modification time never checked.
#  File has not been updated.
#  recipe to execute (from 'Makefile', line 71):
	pyenv local $(PYTHON_VERSION)

.PHONY: help version-python test build publish deps-py-update deps deps-brew deps-py check check-py check-py-flake8 check-py-black check-py-mypy format-py format-autopep8 format-isort migrate seed
#  Implicit rule search has not been done.
#  Modification time never checked.
#  File has not been updated.

# Not a target:
pyproject.toml:
#  Implicit rule search has not been done.
#  Modification time never checked.
#  File has not been updated.

# files hash-table stats:
# Load=28/1024=3%, Rehash=0, Collisions=0/104=0%
# VPATH Search Paths

# No 'vpath' search paths.

# No general ('VPATH' variable) search path.

# strcache buffers: 1 (0) / strings = 41 / storage = 412 B / avg = 10 B
# current buf: size = 8174 B / used = 412 B / count = 41 / avg = 10 B

# strcache performance: lookups = 130 / hit rate = 68%
# hash-table stats:
# Load=41/8192=1%, Rehash=0, Collisions=0/130=0%
# Finished Make data base on Tue Jun 21 14:48:22 2022

 
